\BOOKMARK [1][-]{section.1}{Measures}{}% 1
\BOOKMARK [2][-]{subsection.1.1}{Algebras and Sigma-Algebras}{section.1}% 2
\BOOKMARK [2][-]{subsection.1.2}{Measures}{section.1}% 3
\BOOKMARK [2][-]{subsection.1.3}{Outer Measures}{section.1}% 4
\BOOKMARK [2][-]{subsection.1.4}{Lebesgue Measure}{section.1}% 5
\BOOKMARK [2][-]{subsection.1.5}{Completeness and Regularity}{section.1}% 6
\BOOKMARK [2][-]{subsection.1.6}{Dynkin Classes}{section.1}% 7
\BOOKMARK [1][-]{section.2}{Functions and Integrals}{}% 8
\BOOKMARK [2][-]{subsection.2.1}{Measurable Functions}{section.2}% 9
\BOOKMARK [3][-]{subsubsection.2.1.1}{Question 1}{subsection.2.1}% 10
\BOOKMARK [3][-]{subsubsection.2.1.2}{Question 2}{subsection.2.1}% 11
\BOOKMARK [3][-]{subsubsection.2.1.3}{Question 3}{subsection.2.1}% 12
\BOOKMARK [3][-]{subsubsection.2.1.4}{Question 4}{subsection.2.1}% 13
\BOOKMARK [3][-]{subsubsection.2.1.5}{Question 5}{subsection.2.1}% 14
\BOOKMARK [3][-]{subsubsection.2.1.6}{Question 6}{subsection.2.1}% 15
\BOOKMARK [3][-]{subsubsection.2.1.7}{Question 7}{subsection.2.1}% 16
\BOOKMARK [3][-]{subsubsection.2.1.8}{Question 8}{subsection.2.1}% 17
\BOOKMARK [3][-]{subsubsection.2.1.9}{Question 9}{subsection.2.1}% 18
\BOOKMARK [3][-]{subsubsection.2.1.10}{Question 10}{subsection.2.1}% 19
\BOOKMARK [2][-]{subsection.2.2}{Properties That Hold Almost Everywhere}{section.2}% 20
\BOOKMARK [3][-]{subsubsection.2.2.1}{Question 1}{subsection.2.2}% 21
\BOOKMARK [3][-]{subsubsection.2.2.2}{Question 2}{subsection.2.2}% 22
\BOOKMARK [3][-]{subsubsection.2.2.3}{Question 3}{subsection.2.2}% 23
